d:\vysoka\5semestr\zpg\projekt\zpgprojekt\zpgprojekt\x64\debug\vc142.pdb
d:\vysoka\5semestr\zpg\projekt\zpgprojekt\zpgprojekt\x64\debug\vc142.idb
d:\vysoka\5semestr\zpg\projekt\zpgprojekt\zpgprojekt\x64\debug\zpgprojekt.obj
d:\vysoka\5semestr\zpg\projekt\zpgprojekt\zpgprojekt\x64\debug\windowinicialization.obj
d:\vysoka\5semestr\zpg\projekt\zpgprojekt\zpgprojekt\x64\debug\triangle.obj
d:\vysoka\5semestr\zpg\projekt\zpgprojekt\zpgprojekt\x64\debug\transform.obj
d:\vysoka\5semestr\zpg\projekt\zpgprojekt\zpgprojekt\x64\debug\shaderloader.obj
d:\vysoka\5semestr\zpg\projekt\zpgprojekt\zpgprojekt\x64\debug\shader.obj
d:\vysoka\5semestr\zpg\projekt\zpgprojekt\zpgprojekt\x64\debug\modelfactory.obj
d:\vysoka\5semestr\zpg\projekt\zpgprojekt\zpgprojekt\x64\debug\modelmanager.obj
d:\vysoka\5semestr\zpg\projekt\zpgprojekt\zpgprojekt\x64\debug\model.obj
d:\vysoka\5semestr\zpg\projekt\zpgprojekt\zpgprojekt\x64\debug\game.obj
d:\vysoka\5semestr\zpg\projekt\zpgprojekt\zpgprojekt\x64\debug\camera.obj
d:\vysoka\5semestr\zpg\projekt\zpgprojekt\zpgprojekt\x64\debug\abstractmodel.obj
d:\vysoka\5semestr\zpg\projekt\zpgprojekt\x64\debug\zpgprojekt.pdb
d:\vysoka\5semestr\zpg\projekt\zpgprojekt\zpgprojekt\x64\debug\zpgprojekt.tlog\cl.command.1.tlog
d:\vysoka\5semestr\zpg\projekt\zpgprojekt\zpgprojekt\x64\debug\zpgprojekt.tlog\cl.read.1.tlog
d:\vysoka\5semestr\zpg\projekt\zpgprojekt\zpgprojekt\x64\debug\zpgprojekt.tlog\cl.write.1.tlog
d:\vysoka\5semestr\zpg\projekt\zpgprojekt\zpgprojekt\x64\debug\zpgprojekt.tlog\link-cvtres.read.1.tlog
d:\vysoka\5semestr\zpg\projekt\zpgprojekt\zpgprojekt\x64\debug\zpgprojekt.tlog\link-cvtres.write.1.tlog
d:\vysoka\5semestr\zpg\projekt\zpgprojekt\zpgprojekt\x64\debug\zpgprojekt.tlog\link-rc.read.1.tlog
d:\vysoka\5semestr\zpg\projekt\zpgprojekt\zpgprojekt\x64\debug\zpgprojekt.tlog\link-rc.write.1.tlog
d:\vysoka\5semestr\zpg\projekt\zpgprojekt\zpgprojekt\x64\debug\zpgprojekt.tlog\link.command.1.tlog
d:\vysoka\5semestr\zpg\projekt\zpgprojekt\zpgprojekt\x64\debug\zpgprojekt.tlog\link.read.1.tlog
d:\vysoka\5semestr\zpg\projekt\zpgprojekt\zpgprojekt\x64\debug\zpgprojekt.tlog\link.write.1.tlog
