  Scene.cpp
D:\VYSOKA\5semestr\ZPG\projekt - dodelani vice svetel\zpgProjekt\Bezier.h(15,17): warning C4305: 'initializing': truncation from 'double' to 'float'
D:\VYSOKA\5semestr\ZPG\projekt - dodelani vice svetel\zpgProjekt\sphere.h(2887,1): warning C4305: 'initializing': truncation from 'double' to 'const float'
D:\VYSOKA\5semestr\ZPG\projekt - dodelani vice svetel\zpgProjekt\suzi_flat.h(2911,1): warning C4305: 'initializing': truncation from 'double' to 'const float'
D:\VYSOKA\5semestr\ZPG\projekt - dodelani vice svetel\zpgProjekt\suzi_smooth.h(2911,1): warning C4305: 'initializing': truncation from 'double' to 'const float'
D:\VYSOKA\5semestr\ZPG\projekt - dodelani vice svetel\zpgProjekt\tree.h(92817,1): warning C4305: 'initializing': truncation from 'double' to 'const float'
D:\VYSOKA\5semestr\ZPG\projekt - dodelani vice svetel\zpgProjekt\bushes.h(9040,1): warning C4305: 'initializing': truncation from 'double' to 'const float'
D:\VYSOKA\5semestr\ZPG\projekt - dodelani vice svetel\zpgProjekt\gift.h(66630,1): warning C4305: 'initializing': truncation from 'double' to 'const float'
D:\VYSOKA\5semestr\ZPG\projekt - dodelani vice svetel\zpgProjekt\Scene.cpp(96,87): warning C4305: 'argument': truncation from 'double' to 'float'
D:\VYSOKA\5semestr\ZPG\projekt - dodelani vice svetel\zpgProjekt\Scene.cpp(101,79): warning C4305: 'argument': truncation from 'double' to 'float'
D:\VYSOKA\5semestr\ZPG\projekt - dodelani vice svetel\zpgProjekt\Scene.cpp(126,88): warning C4305: 'argument': truncation from 'double' to 'float'
D:\VYSOKA\5semestr\ZPG\projekt - dodelani vice svetel\zpgProjekt\Scene.cpp(169,20): warning C4305: 'initializing': truncation from 'double' to 'float'
D:\VYSOKA\5semestr\ZPG\projekt - dodelani vice svetel\zpgProjekt\Scene.cpp(200,21): warning C4018: '<': signed/unsigned mismatch
  SOIL.lib(SOIL.obj) : MSIL .netmodule or module compiled with /GL found; restarting link with /LTCG; add /LTCG to the link command line to improve linker performance
LINK : warning LNK4075: ignoring '/INCREMENTAL' due to '/LTCG' specification
LINK : warning LNK4098: defaultlib 'MSVCRT' conflicts with use of other libs; use /NODEFAULTLIB:library
  Generating code
  Finished generating code
SOIL.lib(SOIL.obj) : warning LNK4099: PDB 'vc110.pdb' was not found with 'SOIL.lib(SOIL.obj)' or at 'D:\VYSOKA\5semestr\ZPG\projekt - dodelani vice svetel\Debug\vc110.pdb'; linking object as if no debug info
SOIL.lib(stb_image_aug.obj) : warning LNK4099: PDB 'vc110.pdb' was not found with 'SOIL.lib(stb_image_aug.obj)' or at 'D:\VYSOKA\5semestr\ZPG\projekt - dodelani vice svetel\Debug\vc110.pdb'; linking object as if no debug info
SOIL.lib(image_helper.obj) : warning LNK4099: PDB 'vc110.pdb' was not found with 'SOIL.lib(image_helper.obj)' or at 'D:\VYSOKA\5semestr\ZPG\projekt - dodelani vice svetel\Debug\vc110.pdb'; linking object as if no debug info
SOIL.lib(image_DXT.obj) : warning LNK4099: PDB 'vc110.pdb' was not found with 'SOIL.lib(image_DXT.obj)' or at 'D:\VYSOKA\5semestr\ZPG\projekt - dodelani vice svetel\Debug\vc110.pdb'; linking object as if no debug info
  zpgProjekt.vcxproj -> D:\VYSOKA\5semestr\ZPG\projekt - dodelani vice svetel\Debug\zpgProjekt.exe
