d:\vysoka\5semestr\zpg\projekt\zpgprojekt\zpgprojekt\debug\vc142.pdb
d:\vysoka\5semestr\zpg\projekt\zpgprojekt\zpgprojekt\debug\vc142.idb
c:\users\sed0238\desktop\projekt posledni update 9.11\zpgprojekt\zpgprojekt\debug\vc142.pdb
c:\users\sed0238\desktop\projekt posledni update 9.11\zpgprojekt\zpgprojekt\debug\vc142.idb
f:\5. semestr\zpg\projekt posledni update 9.11\zpgprojekt\zpgprojekt\debug\vc142.pdb
f:\5. semestr\zpg\projekt posledni update 9.11\zpgprojekt\zpgprojekt\debug\vc142.idb
d:\vysoka\5semestr\zpg\projekt - dodelani vice svetel\zpgprojekt\debug\vc142.pdb
d:\vysoka\5semestr\zpg\projekt - dodelani vice svetel\zpgprojekt\debug\vc142.idb
d:\vysoka\5semestr\zpg\projekt - dodelani vice svetel\zpgprojekt\debug\triangle.obj
d:\vysoka\5semestr\zpg\projekt - dodelani vice svetel\zpgprojekt\debug\transform.obj
d:\vysoka\5semestr\zpg\projekt - dodelani vice svetel\zpgprojekt\debug\texturemanager.obj
d:\vysoka\5semestr\zpg\projekt - dodelani vice svetel\zpgprojekt\debug\texture.obj
d:\vysoka\5semestr\zpg\projekt - dodelani vice svetel\zpgprojekt\debug\shadermanager.obj
d:\vysoka\5semestr\zpg\projekt - dodelani vice svetel\zpgprojekt\debug\shaderloader.obj
d:\vysoka\5semestr\zpg\projekt - dodelani vice svetel\zpgprojekt\debug\shader.obj
d:\vysoka\5semestr\zpg\projekt - dodelani vice svetel\zpgprojekt\debug\modelfactory.obj
d:\vysoka\5semestr\zpg\projekt - dodelani vice svetel\zpgprojekt\debug\modelmanager.obj
d:\vysoka\5semestr\zpg\projekt - dodelani vice svetel\zpgprojekt\debug\model.obj
d:\vysoka\5semestr\zpg\projekt - dodelani vice svetel\zpgprojekt\debug\game.obj
d:\vysoka\5semestr\zpg\projekt - dodelani vice svetel\zpgprojekt\debug\camera.obj
d:\vysoka\5semestr\zpg\projekt - dodelani vice svetel\zpgprojekt\debug\shaderfactory.obj
d:\vysoka\5semestr\zpg\projekt - dodelani vice svetel\zpgprojekt\debug\quad.obj
d:\vysoka\5semestr\zpg\projekt - dodelani vice svetel\zpgprojekt\debug\lightsmanager.obj
d:\vysoka\5semestr\zpg\projekt - dodelani vice svetel\zpgprojekt\debug\lightobject.obj
d:\vysoka\5semestr\zpg\projekt - dodelani vice svetel\zpgprojekt\debug\light.obj
d:\vysoka\5semestr\zpg\projekt - dodelani vice svetel\zpgprojekt\debug\controller.obj
d:\vysoka\5semestr\zpg\projekt - dodelani vice svetel\zpgprojekt\debug\assimpobjects.obj
d:\vysoka\5semestr\zpg\projekt - dodelani vice svetel\zpgprojekt\debug\abstractmodel.obj
d:\vysoka\5semestr\zpg\projekt - dodelani vice svetel\zpgprojekt\debug\zpgprojekt.obj
d:\vysoka\5semestr\zpg\projekt - dodelani vice svetel\zpgprojekt\debug\windowinicialization.obj
d:\vysoka\5semestr\zpg\projekt - dodelani vice svetel\zpgprojekt\debug\constantshader.obj
d:\vysoka\5semestr\zpg\projekt - dodelani vice svetel\zpgprojekt\debug\textureshader.obj
d:\vysoka\5semestr\zpg\projekt - dodelani vice svetel\zpgprojekt\debug\abstractshader.obj
d:\vysoka\5semestr\zpg\projekt - dodelani vice svetel\zpgprojekt\debug\cubemaptexture.obj
d:\vysoka\5semestr\zpg\projekt - dodelani vice svetel\zpgprojekt\debug\phongshader.obj
d:\vysoka\5semestr\zpg\projekt - dodelani vice svetel\zpgprojekt\debug\bezier.obj
d:\vysoka\5semestr\zpg\projekt - dodelani vice svetel\zpgprojekt\debug\scene.obj
d:\vysoka\5semestr\zpg\projekt - dodelani vice svetel\debug\zpgprojekt.exe
d:\vysoka\5semestr\zpg\projekt - dodelani vice svetel\debug\zpgprojekt.pdb
d:\vysoka\5semestr\zpg\projekt - dodelani vice svetel\zpgprojekt\debug\game.obj.enc
d:\vysoka\5semestr\zpg\projekt - dodelani vice svetel\zpgprojekt\debug\zpgprojekt.tlog\cl.command.1.tlog
d:\vysoka\5semestr\zpg\projekt - dodelani vice svetel\zpgprojekt\debug\zpgprojekt.tlog\cl.read.1.tlog
d:\vysoka\5semestr\zpg\projekt - dodelani vice svetel\zpgprojekt\debug\zpgprojekt.tlog\cl.write.1.tlog
d:\vysoka\5semestr\zpg\projekt - dodelani vice svetel\zpgprojekt\debug\zpgprojekt.tlog\link.command.1.tlog
d:\vysoka\5semestr\zpg\projekt - dodelani vice svetel\zpgprojekt\debug\zpgprojekt.tlog\link.read.1.tlog
d:\vysoka\5semestr\zpg\projekt - dodelani vice svetel\zpgprojekt\debug\zpgprojekt.tlog\link.write.1.tlog
